<?xml version="1.0" encoding="UTF-8" ?>
<testsuites>
  <testsuite errors="0" failures="0" hostname="jkfeng-PC" id="0" name="DFITCJunitWinMain" package="com.dfitc.junit.main" tests="1" time="1.131" timestamp="2014-07-02T08:04:18">
      <properties>
[...]
</properties>

      <testcase classname="com.dfitc.junit.test.ReqCancelOrderTest" name="reqCancelOrder[0]" time="1.099" />

      <system-out><![CDATA[Before all tests start...
sheet:ConnectData ,row:5
sheet:InitTest ,row:6
sheet:ReqUserLoginTest ,row:14
sheet:ReqInsertOrderTest ,row:23
sheet:ReqCancelOrderTest ,row:117
sheet:ReqQryPositionTest ,row:82
sheet:ReqQryPositionDetailTest ,row:83
---------------------------------------------------------------------------------------------------------------------------------------------------------
本地委托号：1
下单result：0
下单响应:24本地委托号:1|柜台委托号:3170|订单状态:柜台已接收，但尚未到交易所
委托回报：本地委托号：1
撤单result：0
撤单请求：DFITCCancelOrderRequest [localOrderID=1, accountID=000100000008, contractID=IF1409, spdOrderID=-1, requestID=-1]
撤单响应:24本地委托号:1|柜台委托号:3170|订单状态:柜台已接收，但尚未到交易所
撤单回报：本地委托号：1
]]></system-out>

      <system-err><![CDATA[java.lang.NullPointerException
	at com.dfitc.junit.util.ObjectUtil.readInputExcel(ObjectUtil.java:93)
	at com.dfitc.junit.util.MsgUtil.<clinit>(MsgUtil.java:29)
	at com.dfitc.junit.test.ReqCancelOrderTest.getParams(ReqCancelOrderTest.java:46)
	at sun.reflect.NativeMethodAccessorImpl.invoke0(Native Method)
	at sun.reflect.NativeMethodAccessorImpl.invoke(NativeMethodAccessorImpl.java:39)
	at sun.reflect.DelegatingMethodAccessorImpl.invoke(DelegatingMethodAccessorImpl.java:25)
	at java.lang.reflect.Method.invoke(Method.java:597)
	at org.junit.runners.model.FrameworkMethod$1.runReflectiveCall(FrameworkMethod.java:44)
	at org.junit.internal.runners.model.ReflectiveCallable.run(ReflectiveCallable.java:15)
	at org.junit.runners.model.FrameworkMethod.invokeExplosively(FrameworkMethod.java:41)
	at org.junit.runners.Parameterized.getParametersList(Parameterized.java:144)
	at org.junit.runners.Parameterized.<init>(Parameterized.java:130)
	at sun.reflect.NativeConstructorAccessorImpl.newInstance0(Native Method)
	at sun.reflect.NativeConstructorAccessorImpl.newInstance(NativeConstructorAccessorImpl.java:39)
	at sun.reflect.DelegatingConstructorAccessorImpl.newInstance(DelegatingConstructorAccessorImpl.java:27)
	at java.lang.reflect.Constructor.newInstance(Constructor.java:513)
	at org.junit.internal.builders.AnnotatedBuilder.buildRunner(AnnotatedBuilder.java:31)
	at org.junit.internal.builders.AnnotatedBuilder.runnerForClass(AnnotatedBuilder.java:24)
	at org.junit.runners.model.RunnerBuilder.safeRunnerForClass(RunnerBuilder.java:57)
	at org.junit.internal.builders.AllDefaultPossibilitiesBuilder.runnerForClass(AllDefaultPossibilitiesBuilder.java:29)
	at org.junit.runners.model.RunnerBuilder.safeRunnerForClass(RunnerBuilder.java:57)
	at org.junit.runners.model.RunnerBuilder.runners(RunnerBuilder.java:93)
	at org.junit.runners.model.RunnerBuilder.runners(RunnerBuilder.java:84)
	at org.junit.runners.Suite.<init>(Suite.java:101)
	at org.junit.runners.Suite.<init>(Suite.java:67)
	at sun.reflect.NativeConstructorAccessorImpl.newInstance0(Native Method)
	at sun.reflect.NativeConstructorAccessorImpl.newInstance(NativeConstructorAccessorImpl.java:39)
	at sun.reflect.DelegatingConstructorAccessorImpl.newInstance(DelegatingConstructorAccessorImpl.java:27)
	at java.lang.reflect.Constructor.newInstance(Constructor.java:513)
	at org.junit.internal.builders.AnnotatedBuilder.buildRunner(AnnotatedBuilder.java:35)
	at org.junit.internal.builders.AnnotatedBuilder.runnerForClass(AnnotatedBuilder.java:24)
	at org.junit.runners.model.RunnerBuilder.safeRunnerForClass(RunnerBuilder.java:57)
	at org.junit.internal.builders.AllDefaultPossibilitiesBuilder.runnerForClass(AllDefaultPossibilitiesBuilder.java:29)
	at org.junit.runners.model.RunnerBuilder.safeRunnerForClass(RunnerBuilder.java:57)
	at org.junit.internal.requests.ClassRequest.getRunner(ClassRequest.java:24)
	at junit.framework.JUnit4TestAdapter.<init>(JUnit4TestAdapter.java:31)
	at junit.framework.JUnit4TestAdapter.<init>(JUnit4TestAdapter.java:24)
	at sun.reflect.NativeConstructorAccessorImpl.newInstance0(Native Method)
	at sun.reflect.NativeConstructorAccessorImpl.newInstance(NativeConstructorAccessorImpl.java:39)
	at sun.reflect.DelegatingConstructorAccessorImpl.newInstance(DelegatingConstructorAccessorImpl.java:27)
	at java.lang.reflect.Constructor.newInstance(Constructor.java:513)
	at org.apache.tools.ant.taskdefs.optional.junit.JUnitTestRunner.run(JUnitTestRunner.java:473)
	at org.apache.tools.ant.taskdefs.optional.junit.JUnitTestRunner.launch(JUnitTestRunner.java:1052)
	at org.apache.tools.ant.taskdefs.optional.junit.JUnitTestRunner.main(JUnitTestRunner.java:906)
]]></system-err>

  </testsuite>
</testsuites>
